<?xml version="1.0" encoding="UTF-8"?>
<testsuite name="jobshop.encodings.EncodingTests" tests="3" skipped="0" failures="0" errors="0" timestamp="2020-05-07T07:23:52" hostname="gehin-laptop" time="0.02">
  <properties/>
  <testcase name="testBasicSolver" classname="jobshop.encodings.EncodingTests" time="0.012"/>
  <testcase name="testResourceOrder" classname="jobshop.encodings.EncodingTests" time="0.005"/>
  <testcase name="testJobNumbers" classname="jobshop.encodings.EncodingTests" time="0.003"/>
  <system-out><![CDATA[-----Test Resource Order-----
Test init() :
Resource 0 | (0,0) | (1,1) | 
Resource 1 | (1,0) | (0,1) | 
Resource 2 | (0,2) | (1,2) | 

Resource 0 | (0,0) | (1,1) | 
Resource 1 | (0,1) | (1,0) | 
Resource 2 | (0,2) | (1,2) | 

Test toSchedule() :
jobshop.Schedule@347002b3
jobshop.Schedule@220ad987
Test fromSchedule() :
Resource 0 | (0,0) | (1,1) | 
Resource 1 | (1,0) | (0,1) | 
Resource 2 | (0,2) | (1,2) | 

Resource 0 | (0,0) | (1,1) | 
Resource 1 | (0,1) | (1,0) | 
Resource 2 | (0,2) | (1,2) | 

-----Test Job Numbers-----
-----Test toSchedule-----
jobshop.Schedule@509e268f
jobshop.Schedule@29263d38
-----Test fomSchedule-----
[0, 1, 0, 1, 0, 1]
[0, 0, 0, 1, 1, 1]
]]></system-out>
  <system-err><![CDATA[]]></system-err>
</testsuite>
